gpuimageVideoRecordLibrary/build/outputs/logs/manifest-merger-debug-report.txt
-- Merging decision tree log ---
manifest
ADDED from WearableTest\gpuimageVideoRecordLibrary\AndroidManifest.xml:2:1-66
INJECTED from WearableTest\gpuimageVideoRecordLibrary\AndroidManifest.xml:2:1-66
INJECTED from WearableTest\gpuimageVideoRecordLibrary\AndroidManifest.xml:2:1-66
	package
		ADDED from WearableTest\gpuimageVideoRecordLibrary\AndroidManifest.xml:2:11-54
		INJECTED from WearableTest\gpuimageVideoRecordLibrary\AndroidManifest.xml
		INJECTED from WearableTest\gpuimageVideoRecordLibrary\AndroidManifest.xml
	xmlns:android
		ADDED from WearableTest\gpuimageVideoRecordLibrary\AndroidManifest.xml:2:1-66
uses-sdk
INJECTED from WearableTest\gpuimageVideoRecordLibrary\AndroidManifest.xml reason: use-sdk injection requested
INJECTED from WearableTest\gpuimageVideoRecordLibrary\AndroidManifest.xml
INJECTED from WearableTest\gpuimageVideoRecordLibrary\AndroidManifest.xml
INJECTED from WearableTest\gpuimageVideoRecordLibrary\AndroidManifest.xml
INJECTED from WearableTest\gpuimageVideoRecordLibrary\AndroidManifest.xml
	android:targetSdkVersion
		INJECTED from WearableTest\gpuimageVideoRecordLibrary\AndroidManifest.xml
		ADDED from WearableTest\gpuimageVideoRecordLibrary\AndroidManifest.xml
		INJECTED from WearableTest\gpuimageVideoRecordLibrary\AndroidManifest.xml
	android:minSdkVersion
		INJECTED from WearableTest\gpuimageVideoRecordLibrary\AndroidManifest.xml
		ADDED from WearableTest\gpuimageVideoRecordLibrary\AndroidManifest.xml
		INJECTED from WearableTest\gpuimageVideoRecordLibrary\AndroidManifest.xml